Connecting to database specified by database.yml
Connecting to database specified by database.yml
Connecting to database specified by database.yml
Connecting to database specified by database.yml
Connecting to database specified by database.yml
Connecting to database specified by database.yml
Connecting to database specified by database.yml


Started GET "/" for 127.0.0.1 at 2013-06-04 16:24:30 -0400
Processing by StaticController#index as HTML
  Rendered static/index.html.erb within layouts/application (3.1ms)
Compiled active_admin.css  (2349ms)  (pid 30439)
Compiled main.css  (0ms)  (pid 30439)
Compiled normalize.css  (0ms)  (pid 30439)
Compiled application.css  (2447ms)  (pid 30439)
Compiled jquery.js  (2ms)  (pid 30439)
Compiled jquery_ujs.js  (0ms)  (pid 30439)
Compiled jquery-ui.js  (3ms)  (pid 30439)
Compiled active_admin/lib/namespace.js  (134ms)  (pid 30439)
Compiled active_admin/components/jquery.aa.checkbox-toggler.js  (128ms)  (pid 30439)
Compiled active_admin/components/jquery.aa.dropdown-menu.js  (199ms)  (pid 30439)
Compiled active_admin/components/jquery.aa.popover.js  (150ms)  (pid 30439)
Compiled active_admin/components/jquery.aa.table-checkbox-toggler.js  (138ms)  (pid 30439)
Compiled active_admin/pages/application.js  (107ms)  (pid 30439)
Compiled active_admin/pages/batch_actions.js  (116ms)  (pid 30439)
Compiled active_admin/application.js  (1118ms)  (pid 30439)
Compiled active_admin/base.js  (1211ms)  (pid 30439)
Compiled cocoon.js  (0ms)  (pid 30439)
Compiled active_admin.js  (1292ms)  (pid 30439)
Compiled main.js  (0ms)  (pid 30439)
Compiled modernizr-2.6.2.min.js  (0ms)  (pid 30439)
Compiled plugins.js  (0ms)  (pid 30439)
Compiled application.js  (1446ms)  (pid 30439)
  Rendered layouts/_header.html.erb (0.6ms)
  Rendered layouts/_footer.html.erb (0.4ms)
Completed 200 OK in 4140ms (Views: 4139.7ms | ActiveRecord: 0.0ms)


Started GET "/assets/application.css?body=1" for 127.0.0.1 at 2013-06-04 16:24:34 -0400
Served asset /application.css - 304 Not Modified (73ms)


Started GET "/assets/active_admin.css?body=1" for 127.0.0.1 at 2013-06-04 16:24:34 -0400
Served asset /active_admin.css - 304 Not Modified (12ms)


Started GET "/assets/main.css?body=1" for 127.0.0.1 at 2013-06-04 16:24:34 -0400
Served asset /main.css - 304 Not Modified (1ms)


Started GET "/assets/normalize.css?body=1" for 127.0.0.1 at 2013-06-04 16:24:34 -0400
Served asset /normalize.css - 304 Not Modified (1ms)


Started GET "/assets/jquery.js?body=1" for 127.0.0.1 at 2013-06-04 16:24:34 -0400
Served asset /jquery.js - 304 Not Modified (3ms)


Started GET "/assets/jquery_ujs.js?body=1" for 127.0.0.1 at 2013-06-04 16:24:34 -0400
Served asset /jquery_ujs.js - 304 Not Modified (3ms)


Started GET "/assets/jquery-ui.js?body=1" for 127.0.0.1 at 2013-06-04 16:24:34 -0400
Served asset /jquery-ui.js - 304 Not Modified (4ms)


Started GET "/assets/active_admin/lib/namespace.js?body=1" for 127.0.0.1 at 2013-06-04 16:24:34 -0400
Served asset /active_admin/lib/namespace.js - 304 Not Modified (2ms)


Started GET "/assets/active_admin/components/jquery.aa.checkbox-toggler.js?body=1" for 127.0.0.1 at 2013-06-04 16:24:34 -0400
Served asset /active_admin/components/jquery.aa.checkbox-toggler.js - 200 OK (3ms)


Started GET "/assets/active_admin/components/jquery.aa.dropdown-menu.js?body=1" for 127.0.0.1 at 2013-06-04 16:24:34 -0400
Served asset /active_admin/components/jquery.aa.dropdown-menu.js - 200 OK (2ms)


Started GET "/assets/active_admin/components/jquery.aa.popover.js?body=1" for 127.0.0.1 at 2013-06-04 16:24:34 -0400
Served asset /active_admin/components/jquery.aa.popover.js - 200 OK (2ms)


Started GET "/assets/active_admin/components/jquery.aa.table-checkbox-toggler.js?body=1" for 127.0.0.1 at 2013-06-04 16:24:34 -0400
Served asset /active_admin/components/jquery.aa.table-checkbox-toggler.js - 200 OK (2ms)


Started GET "/assets/active_admin/pages/application.js?body=1" for 127.0.0.1 at 2013-06-04 16:24:34 -0400
Served asset /active_admin/pages/application.js - 200 OK (3ms)


Started GET "/assets/active_admin/application.js?body=1" for 127.0.0.1 at 2013-06-04 16:24:34 -0400
Served asset /active_admin/application.js - 304 Not Modified (11ms)


Started GET "/assets/active_admin.js?body=1" for 127.0.0.1 at 2013-06-04 16:24:34 -0400
Served asset /active_admin.js - 304 Not Modified (26ms)


Started GET "/assets/active_admin/base.js?body=1" for 127.0.0.1 at 2013-06-04 16:24:34 -0400
Served asset /active_admin/base.js - 304 Not Modified (65ms)


Started GET "/assets/cocoon.js?body=1" for 127.0.0.1 at 2013-06-04 16:24:34 -0400
Served asset /cocoon.js - 304 Not Modified (2ms)


Started GET "/assets/active_admin/pages/batch_actions.js?body=1" for 127.0.0.1 at 2013-06-04 16:24:34 -0400
Served asset /active_admin/pages/batch_actions.js - 200 OK (4ms)


Started GET "/assets/main.js?body=1" for 127.0.0.1 at 2013-06-04 16:24:34 -0400
Served asset /main.js - 304 Not Modified (1ms)


Started GET "/assets/modernizr-2.6.2.min.js?body=1" for 127.0.0.1 at 2013-06-04 16:24:34 -0400
Served asset /modernizr-2.6.2.min.js - 304 Not Modified (1ms)


Started GET "/assets/plugins.js?body=1" for 127.0.0.1 at 2013-06-04 16:24:34 -0400
Served asset /plugins.js - 304 Not Modified (1ms)


Started GET "/assets/application.js?body=1" for 127.0.0.1 at 2013-06-04 16:24:34 -0400
Served asset /application.js - 304 Not Modified (26ms)


Started GET "/assets/favicon.ico" for 127.0.0.1 at 2013-06-04 16:24:34 -0400
Served asset /favicon.ico - 404 Not Found (5ms)

ActionController::RoutingError (No route matches [GET] "/assets/favicon.ico"):
  actionpack (3.2.11) lib/action_dispatch/middleware/debug_exceptions.rb:21:in `call'
  actionpack (3.2.11) lib/action_dispatch/middleware/show_exceptions.rb:56:in `call'
  railties (3.2.11) lib/rails/rack/logger.rb:32:in `call_app'
  railties (3.2.11) lib/rails/rack/logger.rb:16:in `block in call'
  activesupport (3.2.11) lib/active_support/tagged_logging.rb:22:in `tagged'
  railties (3.2.11) lib/rails/rack/logger.rb:16:in `call'
  actionpack (3.2.11) lib/action_dispatch/middleware/request_id.rb:22:in `call'
  rack (1.4.5) lib/rack/methodoverride.rb:21:in `call'
  rack (1.4.5) lib/rack/runtime.rb:17:in `call'
  activesupport (3.2.11) lib/active_support/cache/strategy/local_cache.rb:72:in `call'
  rack (1.4.5) lib/rack/lock.rb:15:in `call'
  actionpack (3.2.11) lib/action_dispatch/middleware/static.rb:62:in `call'
  rack-mini-profiler (0.1.26) Ruby/lib/mini_profiler/profiler.rb:188:in `call'
  railties (3.2.11) lib/rails/engine.rb:479:in `call'
  railties (3.2.11) lib/rails/application.rb:223:in `call'
  rack (1.4.5) lib/rack/content_length.rb:14:in `call'
  railties (3.2.11) lib/rails/rack/log_tailer.rb:17:in `call'
  thin (1.5.0) lib/thin/connection.rb:81:in `block in pre_process'
  thin (1.5.0) lib/thin/connection.rb:79:in `catch'
  thin (1.5.0) lib/thin/connection.rb:79:in `pre_process'
  thin (1.5.0) lib/thin/connection.rb:54:in `process'
  thin (1.5.0) lib/thin/connection.rb:39:in `receive_data'
  eventmachine (1.0.0) lib/eventmachine.rb:187:in `run_machine'
  eventmachine (1.0.0) lib/eventmachine.rb:187:in `run'
  thin (1.5.0) lib/thin/backends/base.rb:63:in `start'
  thin (1.5.0) lib/thin/server.rb:159:in `start'
  rack (1.4.5) lib/rack/handler/thin.rb:13:in `run'
  rack (1.4.5) lib/rack/server.rb:268:in `start'
  railties (3.2.11) lib/rails/commands/server.rb:70:in `start'
  railties (3.2.11) lib/rails/commands.rb:55:in `block in <top (required)>'
  railties (3.2.11) lib/rails/commands.rb:50:in `tap'
  railties (3.2.11) lib/rails/commands.rb:50:in `<top (required)>'
  script/rails:6:in `require'
  script/rails:6:in `<main>'


  Rendered /Users/cameronbarker/.rvm/gems/ruby-1.9.3-p286/gems/actionpack-3.2.11/lib/action_dispatch/middleware/templates/rescues/routing_error.erb within rescues/layout (1.0ms)
